[debug] [2022-08-06T00:26:03.084Z] ----------------------------------------------------------------------
[debug] [2022-08-06T00:26:03.094Z] Command:       C:\Program Files\nodejs\node.exe C:\Users\smdro\AppData\Roaming\npm\node_modules\firebase-tools\lib\bin\firebase.js deploy --only functions
[debug] [2022-08-06T00:26:03.096Z] CLI Version:   10.4.1
[debug] [2022-08-06T00:26:03.096Z] Platform:      win32
[debug] [2022-08-06T00:26:03.097Z] Node Version:  v14.17.5
[debug] [2022-08-06T00:26:03.165Z] Time:          Fri Aug 05 2022 20:26:03 GMT-0400 (Eastern Daylight Time)
[debug] [2022-08-06T00:26:03.165Z] ----------------------------------------------------------------------
[debug] 
[debug] [2022-08-06T00:26:03.170Z] >>> [apiv2][query] GET https://firebase-public.firebaseio.com/cli.json [none]
[debug] [2022-08-06T00:26:03.332Z] > command requires scopes: ["email","openid","https://www.googleapis.com/auth/cloudplatformprojects.readonly","https://www.googleapis.com/auth/firebase","https://www.googleapis.com/auth/cloud-platform"]
[debug] [2022-08-06T00:26:03.332Z] > authorizing via signed-in user (smdrone1@gmail.com)
[debug] [2022-08-06T00:26:03.333Z] [iam] checking project smilemass-6902d for permissions ["cloudfunctions.functions.create","cloudfunctions.functions.delete","cloudfunctions.functions.get","cloudfunctions.functions.list","cloudfunctions.functions.update","cloudfunctions.operations.get","firebase.projects.get"]
[debug] [2022-08-06T00:26:03.333Z] > refreshing access token with scopes: []
[debug] [2022-08-06T00:26:03.334Z] >>> HTTP REQUEST POST https://www.googleapis.com/oauth2/v3/token  
 <request body omitted>
[debug] [2022-08-06T00:26:03.879Z] <<< HTTP RESPONSE 200 {"expires":"Mon, 01 Jan 1990 00:00:00 GMT","date":"Sat, 06 Aug 2022 00:26:02 GMT","pragma":"no-cache","cache-control":"no-cache, no-store, max-age=0, must-revalidate","content-type":"application/json; charset=utf-8","vary":"X-Origin, Referer, Origin,Accept-Encoding","server":"scaffolding on HTTPServer2","x-xss-protection":"0","x-frame-options":"SAMEORIGIN","x-content-type-options":"nosniff","alt-svc":"h3=\":443\"; ma=2592000,h3-29=\":443\"; ma=2592000,h3-Q050=\":443\"; ma=2592000,h3-Q046=\":443\"; ma=2592000,h3-Q043=\":443\"; ma=2592000,quic=\":443\"; ma=2592000; v=\"46,43\"","accept-ranges":"none","transfer-encoding":"chunked"}
[debug] [2022-08-06T00:26:04.065Z] >>> [apiv2][query] POST https://cloudresourcemanager.googleapis.com/v1/projects/smilemass-6902d:testIamPermissions [none]
[debug] [2022-08-06T00:26:04.065Z] >>> [apiv2][body] POST https://cloudresourcemanager.googleapis.com/v1/projects/smilemass-6902d:testIamPermissions {"permissions":["cloudfunctions.functions.create","cloudfunctions.functions.delete","cloudfunctions.functions.get","cloudfunctions.functions.list","cloudfunctions.functions.update","cloudfunctions.operations.get","firebase.projects.get"]}
[debug] [2022-08-06T00:26:04.167Z] <<< [apiv2][status] GET https://firebase-public.firebaseio.com/cli.json 200
[debug] [2022-08-06T00:26:04.167Z] <<< [apiv2][body] GET https://firebase-public.firebaseio.com/cli.json {"cloudBuildErrorAfter":1594252800000,"cloudBuildWarnAfter":1590019200000,"defaultNode10After":1594252800000,"minVersion":"3.0.5","node8DeploysDisabledAfter":1613390400000,"node8RuntimeDisabledAfter":1615809600000,"node8WarnAfter":1600128000000}
